<?xml version="1.0" encoding="UTF-8"?>
<!-- Generated by org.testng.reporters.JUnitReportReporter -->
<testsuite hostname="DESKTOP-K5QR6PC" failures="0" tests="1" name="com.mystore.dataprovider.DataProviders" time="0.010" errors="0" timestamp="2022-08-08T14:04:06 IST" skipped="0">
  <testcase classname="com.mystore.dataprovider.DataProviders" name="test1" time="0.010"/>
  <system-out/>
</testsuite> <!-- com.mystore.dataprovider.DataProviders -->
