<?xml version="1.0" encoding="UTF-8"?>
<!-- Generated by org.testng.reporters.JUnitReportReporter -->
<testsuite hostname="DESKTOP-K5QR6PC" failures="0" tests="1" name="com.mystore.testcases.TC_OrderPage" time="56.835" errors="0" timestamp="2022-08-13T13:35:34 IST" skipped="0">
  <testcase classname="com.mystore.testcases.TC_OrderPage" name="verifyTotalPrice" time="56.835"/>
  <system-out/>
</testsuite> <!-- com.mystore.testcases.TC_OrderPage -->
