<?xml version="1.0" encoding="UTF-8"?>
<!-- Generated by org.testng.reporters.JUnitReportReporter -->
<testsuite hostname="DESKTOP-K5QR6PC" failures="0" tests="1" name="com.mystore.base.Base" time="0.018" errors="0" timestamp="2022-07-28T10:45:20 IST" skipped="0">
  <testcase classname="com.mystore.base.Base" name="loadConfig" time="0.018"/>
  <system-out/>
</testsuite> <!-- com.mystore.base.Base -->
