<?xml version="1.0" encoding="UTF-8"?>
<!-- Generated by org.testng.reporters.JUnitReportReporter -->
<testsuite hostname="DESKTOP-K5QR6PC" failures="0" tests="2" name="com.mystore.testcases.TC_HomePage" time="40.243" errors="0" timestamp="2022-08-13T13:44:26 IST" skipped="0">
  <testcase classname="com.mystore.testcases.TC_HomePage" name="wishListTest" time="21.333"/>
  <system-out/>
  <testcase classname="com.mystore.testcases.TC_HomePage" name="orderHistoryTest" time="18.910"/>
  <system-out/>
</testsuite> <!-- com.mystore.testcases.TC_HomePage -->
