<?xml version="1.0" encoding="UTF-8"?>
<!-- Generated by org.testng.reporters.JUnitReportReporter -->
<testsuite hostname="DESKTOP-K5QR6PC" failures="0" tests="3" name="com.mystore.testcases.TC_AccountCreationPage" time="133.284" errors="0" timestamp="2022-08-09T22:07:03 IST" skipped="0">
  <testcase classname="com.mystore.testcases.TC_AccountCreationPage" name="validateCreateAccountTest" time="43.131"/>
  <system-out/>
  <testcase classname="com.mystore.testcases.TC_AccountCreationPage" name="validateCreateAccountTest" time="44.185"/>
  <system-out/>
  <testcase classname="com.mystore.testcases.TC_AccountCreationPage" name="validateCreateAccountTest" time="45.968"/>
  <system-out/>
</testsuite> <!-- com.mystore.testcases.TC_AccountCreationPage -->
