<?xml version="1.0" encoding="UTF-8"?>
<!-- Generated by org.testng.reporters.JUnitReportReporter -->
<testsuite hostname="DESKTOP-K5QR6PC" failures="0" tests="2" name="com.mystore.testcases.TC_EndToEnd2_CrossBrowserTest" time="176.115" errors="0" timestamp="2022-08-10T13:21:18 IST" skipped="0">
  <testcase classname="com.mystore.testcases.TC_EndToEnd2_CrossBrowserTest" name="endToEndTest" time="86.724"/>
  <system-out/>
  <testcase classname="com.mystore.testcases.TC_EndToEnd2_CrossBrowserTest" name="endToEndTest" time="89.391"/>
  <system-out/>
</testsuite> <!-- com.mystore.testcases.TC_EndToEnd2_CrossBrowserTest -->
