<?xml version="1.0" encoding="UTF-8"?>
<!-- Generated by org.testng.reporters.JUnitReportReporter -->
<testsuite hostname="DESKTOP-K5QR6PC" failures="0" tests="2" name="com.mystore.testcases.TC_IndexPage" time="26.719" errors="0" timestamp="2022-08-13T13:44:26 IST" skipped="0">
  <testcase classname="com.mystore.testcases.TC_IndexPage" name="validateLogo" time="13.604"/>
  <system-out/>
  <testcase classname="com.mystore.testcases.TC_IndexPage" name="validateTitle" time="13.115"/>
  <system-out/>
</testsuite> <!-- com.mystore.testcases.TC_IndexPage -->
