<?xml version="1.0" encoding="UTF-8"?>
<!-- Generated by org.testng.reporters.JUnitReportReporter -->
<testsuite hostname="DESKTOP-K5QR6PC" failures="0" tests="1" name="com.mystore.testcases.TC_AddToCartPage" time="50.491" errors="0" timestamp="2022-08-13T13:35:34 IST" skipped="0">
  <testcase classname="com.mystore.testcases.TC_AddToCartPage" name="addToCartTest" time="50.491"/>
  <system-out/>
</testsuite> <!-- com.mystore.testcases.TC_AddToCartPage -->
